Copyright 1986-2022 Xilinx, Inc. All Rights Reserved. Copyright 2022-2023 Advanced Micro Devices, Inc. All Rights Reserved.
---------------------------------------------------------------------------------------------------------------------------------------------------------------------------------------------------------------------------------------------------------
| Tool Version : Vivado v.2023.2 (win64) Build 4029153 Fri Oct 13 20:14:34 MDT 2023
| Date         : Thu Mar 21 23:46:58 2024
| Host         : Lenovo16plus running 64-bit major release  (build 9200)
| Command      : report_timing_summary -max_paths 10 -report_unconstrained -file _7Seg_Driver_Display_timing_summary_routed.rpt -pb _7Seg_Driver_Display_timing_summary_routed.pb -rpx _7Seg_Driver_Display_timing_summary_routed.rpx -warn_on_violation
| Design       : _7Seg_Driver_Display
| Device       : 7a100t-csg324
| Speed File   : -1  PRODUCTION 1.23 2018-06-13
| Design State : Routed
---------------------------------------------------------------------------------------------------------------------------------------------------------------------------------------------------------------------------------------------------------

Timing Summary Report

------------------------------------------------------------------------------------------------
| Timer Settings
| --------------
------------------------------------------------------------------------------------------------

  Enable Multi Corner Analysis               :  Yes
  Enable Pessimism Removal                   :  Yes
  Pessimism Removal Resolution               :  Nearest Common Node
  Enable Input Delay Default Clock           :  No
  Enable Preset / Clear Arcs                 :  No
  Disable Flight Delays                      :  No
  Ignore I/O Paths                           :  No
  Timing Early Launch at Borrowing Latches   :  No
  Borrow Time for Max Delay Exceptions       :  Yes
  Merge Timing Exceptions                    :  Yes
  Inter-SLR Compensation                     :  Conservative

  Corner  Analyze    Analyze    
  Name    Max Paths  Min Paths  
  ------  ---------  ---------  
  Slow    Yes        Yes        
  Fast    Yes        Yes        


------------------------------------------------------------------------------------------------
| Report Methodology
| ------------------
------------------------------------------------------------------------------------------------

No report available as report_methodology has not been run prior. Run report_methodology on the current design for the summary of methodology violations.



check_timing report

Table of Contents
-----------------
1. checking no_clock (0)
2. checking constant_clock (0)
3. checking pulse_width_clock (0)
4. checking unconstrained_internal_endpoints (0)
5. checking no_input_delay (0)
6. checking no_output_delay (0)
7. checking multiple_clock (0)
8. checking generated_clocks (0)
9. checking loops (0)
10. checking partial_input_delay (0)
11. checking partial_output_delay (0)
12. checking latch_loops (0)

1. checking no_clock (0)
------------------------
 There are 0 register/latch pins with no clock.


2. checking constant_clock (0)
------------------------------
 There are 0 register/latch pins with constant_clock.


3. checking pulse_width_clock (0)
---------------------------------
 There are 0 register/latch pins which need pulse_width check


4. checking unconstrained_internal_endpoints (0)
------------------------------------------------
 There are 0 pins that are not constrained for maximum delay.

 There are 0 pins that are not constrained for maximum delay due to constant clock.


5. checking no_input_delay (0)
------------------------------
 There are 0 input ports with no input delay specified.

 There are 0 input ports with no input delay but user has a false path constraint.


6. checking no_output_delay (0)
-------------------------------
 There are 0 ports with no output delay specified.

 There are 0 ports with no output delay but user has a false path constraint

 There are 0 ports with no output delay but with a timing clock defined on it or propagating through it


7. checking multiple_clock (0)
------------------------------
 There are 0 register/latch pins with multiple clocks.


8. checking generated_clocks (0)
--------------------------------
 There are 0 generated clocks that are not connected to a clock source.


9. checking loops (0)
---------------------
 There are 0 combinational loops in the design.


10. checking partial_input_delay (0)
------------------------------------
 There are 0 input ports with partial input delay specified.


11. checking partial_output_delay (0)
-------------------------------------
 There are 0 ports with partial output delay specified.


12. checking latch_loops (0)
----------------------------
 There are 0 combinational latch loops in the design through latch input



------------------------------------------------------------------------------------------------
| Design Timing Summary
| ---------------------
------------------------------------------------------------------------------------------------

    WNS(ns)      TNS(ns)  TNS Failing Endpoints  TNS Total Endpoints      WHS(ns)      THS(ns)  THS Failing Endpoints  THS Total Endpoints     WPWS(ns)     TPWS(ns)  TPWS Failing Endpoints  TPWS Total Endpoints  
    -------      -------  ---------------------  -------------------      -------      -------  ---------------------  -------------------     --------     --------  ----------------------  --------------------  
        inf        0.000                      0                   31          inf        0.000                      0                   31           NA           NA                      NA                    NA  


There are no user specified timing constraints.


------------------------------------------------------------------------------------------------
| Clock Summary
| -------------
------------------------------------------------------------------------------------------------


------------------------------------------------------------------------------------------------
| Intra Clock Table
| -----------------
------------------------------------------------------------------------------------------------

Clock             WNS(ns)      TNS(ns)  TNS Failing Endpoints  TNS Total Endpoints      WHS(ns)      THS(ns)  THS Failing Endpoints  THS Total Endpoints     WPWS(ns)     TPWS(ns)  TPWS Failing Endpoints  TPWS Total Endpoints  
-----             -------      -------  ---------------------  -------------------      -------      -------  ---------------------  -------------------     --------     --------  ----------------------  --------------------  


------------------------------------------------------------------------------------------------
| Inter Clock Table
| -----------------
------------------------------------------------------------------------------------------------

From Clock    To Clock          WNS(ns)      TNS(ns)  TNS Failing Endpoints  TNS Total Endpoints      WHS(ns)      THS(ns)  THS Failing Endpoints  THS Total Endpoints  
----------    --------          -------      -------  ---------------------  -------------------      -------      -------  ---------------------  -------------------  


------------------------------------------------------------------------------------------------
| Other Path Groups Table
| -----------------------
------------------------------------------------------------------------------------------------

Path Group    From Clock    To Clock          WNS(ns)      TNS(ns)  TNS Failing Endpoints  TNS Total Endpoints      WHS(ns)      THS(ns)  THS Failing Endpoints  THS Total Endpoints  
----------    ----------    --------          -------      -------  ---------------------  -------------------      -------      -------  ---------------------  -------------------  


------------------------------------------------------------------------------------------------
| User Ignored Path Table
| -----------------------
------------------------------------------------------------------------------------------------

Path Group    From Clock    To Clock    
----------    ----------    --------    


------------------------------------------------------------------------------------------------
| Unconstrained Path Table
| ------------------------
------------------------------------------------------------------------------------------------

Path Group    From Clock    To Clock    
----------    ----------    --------    
(none)                                    


------------------------------------------------------------------------------------------------
| Timing Details
| --------------
------------------------------------------------------------------------------------------------


--------------------------------------------------------------------------------------
Path Group:  (none)
From Clock:  
  To Clock:  

Max Delay            31 Endpoints
Min Delay            31 Endpoints
--------------------------------------------------------------------------------------


Max Delay Paths
--------------------------------------------------------------------------------------
Slack:                    inf
  Source:                 SW[9]
                            (input port)
  Destination:            AN[1]
                            (output port)
  Path Group:             (none)
  Path Type:              Max at Slow Process Corner
  Data Path Delay:        12.137ns  (logic 4.627ns (38.119%)  route 7.511ns (61.881%))
  Logic Levels:           3  (IBUF=1 LUT1=1 OBUF=1)

    Location             Delay type                Incr(ns)  Path(ns)    Netlist Resource(s)
  -------------------------------------------------------------------    -------------------
    U8                                                0.000     0.000 f  SW[9] (IN)
                         net (fo=0)                   0.000     0.000    SW[9]
    U8                   IBUF (Prop_ibuf_I_O)         0.967     0.967 f  SW_IBUF[9]_inst/O
                         net (fo=2, routed)           5.265     6.232    LED_OBUF[9]
    SLICE_X0Y85          LUT1 (Prop_lut1_I0_O)        0.124     6.356 r  AN_OBUF[1]_inst_i_1/O
                         net (fo=1, routed)           2.245     8.602    AN_OBUF[1]
    J18                  OBUF (Prop_obuf_I_O)         3.536    12.137 r  AN_OBUF[1]_inst/O
                         net (fo=0)                   0.000    12.137    AN[1]
    J18                                                               r  AN[1] (OUT)
  -------------------------------------------------------------------    -------------------

Slack:                    inf
  Source:                 SW[14]
                            (input port)
  Destination:            AN[6]
                            (output port)
  Path Group:             (none)
  Path Type:              Max at Slow Process Corner
  Data Path Delay:        11.833ns  (logic 5.151ns (43.533%)  route 6.682ns (56.467%))
  Logic Levels:           3  (IBUF=1 LUT1=1 OBUF=1)

    Location             Delay type                Incr(ns)  Path(ns)    Netlist Resource(s)
  -------------------------------------------------------------------    -------------------
    U11                                               0.000     0.000 f  SW[14] (IN)
                         net (fo=0)                   0.000     0.000    SW[14]
    U11                  IBUF (Prop_ibuf_I_O)         1.510     1.510 f  SW_IBUF[14]_inst/O
                         net (fo=2, routed)           2.838     4.348    LED_OBUF[14]
    SLICE_X46Y81         LUT1 (Prop_lut1_I0_O)        0.124     4.472 r  AN_OBUF[6]_inst_i_1/O
                         net (fo=1, routed)           3.844     8.316    AN_OBUF[6]
    K2                   OBUF (Prop_obuf_I_O)         3.518    11.833 r  AN_OBUF[6]_inst/O
                         net (fo=0)                   0.000    11.833    AN[6]
    K2                                                                r  AN[6] (OUT)
  -------------------------------------------------------------------    -------------------

Slack:                    inf
  Source:                 SW[8]
                            (input port)
  Destination:            AN[0]
                            (output port)
  Path Group:             (none)
  Path Type:              Max at Slow Process Corner
  Data Path Delay:        11.770ns  (logic 4.642ns (39.436%)  route 7.128ns (60.564%))
  Logic Levels:           3  (IBUF=1 LUT1=1 OBUF=1)

    Location             Delay type                Incr(ns)  Path(ns)    Netlist Resource(s)
  -------------------------------------------------------------------    -------------------
    T8                                                0.000     0.000 f  SW[8] (IN)
                         net (fo=0)                   0.000     0.000    SW[8]
    T8                   IBUF (Prop_ibuf_I_O)         0.982     0.982 f  SW_IBUF[8]_inst/O
                         net (fo=2, routed)           4.424     5.406    LED_OBUF[8]
    SLICE_X0Y73          LUT1 (Prop_lut1_I0_O)        0.124     5.530 r  AN_OBUF[0]_inst_i_1/O
                         net (fo=1, routed)           2.705     8.234    AN_OBUF[0]
    J17                  OBUF (Prop_obuf_I_O)         3.536    11.770 r  AN_OBUF[0]_inst/O
                         net (fo=0)                   0.000    11.770    AN[0]
    J17                                                               r  AN[0] (OUT)
  -------------------------------------------------------------------    -------------------

Slack:                    inf
  Source:                 SW[12]
                            (input port)
  Destination:            LED[12]
                            (output port)
  Path Group:             (none)
  Path Type:              Max at Slow Process Corner
  Data Path Delay:        10.999ns  (logic 5.018ns (45.626%)  route 5.980ns (54.374%))
  Logic Levels:           2  (IBUF=1 OBUF=1)

    Location             Delay type                Incr(ns)  Path(ns)    Netlist Resource(s)
  -------------------------------------------------------------------    -------------------
    H6                                                0.000     0.000 r  SW[12] (IN)
                         net (fo=0)                   0.000     0.000    SW[12]
    H6                   IBUF (Prop_ibuf_I_O)         1.467     1.467 r  SW_IBUF[12]_inst/O
                         net (fo=2, routed)           5.980     7.447    LED_OBUF[12]
    V15                  OBUF (Prop_obuf_I_O)         3.552    10.999 r  LED_OBUF[12]_inst/O
                         net (fo=0)                   0.000    10.999    LED[12]
    V15                                                               r  LED[12] (OUT)
  -------------------------------------------------------------------    -------------------

Slack:                    inf
  Source:                 SW[12]
                            (input port)
  Destination:            AN[4]
                            (output port)
  Path Group:             (none)
  Path Type:              Max at Slow Process Corner
  Data Path Delay:        10.995ns  (logic 5.141ns (46.755%)  route 5.854ns (53.245%))
  Logic Levels:           3  (IBUF=1 LUT1=1 OBUF=1)

    Location             Delay type                Incr(ns)  Path(ns)    Netlist Resource(s)
  -------------------------------------------------------------------    -------------------
    H6                                                0.000     0.000 f  SW[12] (IN)
                         net (fo=0)                   0.000     0.000    SW[12]
    H6                   IBUF (Prop_ibuf_I_O)         1.467     1.467 f  SW_IBUF[12]_inst/O
                         net (fo=2, routed)           4.325     5.792    LED_OBUF[12]
    SLICE_X0Y83          LUT1 (Prop_lut1_I0_O)        0.124     5.916 r  AN_OBUF[4]_inst_i_1/O
                         net (fo=1, routed)           1.529     7.445    AN_OBUF[4]
    P14                  OBUF (Prop_obuf_I_O)         3.550    10.995 r  AN_OBUF[4]_inst/O
                         net (fo=0)                   0.000    10.995    AN[4]
    P14                                                               r  AN[4] (OUT)
  -------------------------------------------------------------------    -------------------

Slack:                    inf
  Source:                 SW[0]
                            (input port)
  Destination:            SEG[0]
                            (output port)
  Path Group:             (none)
  Path Type:              Max at Slow Process Corner
  Data Path Delay:        10.074ns  (logic 5.407ns (53.667%)  route 4.668ns (46.333%))
  Logic Levels:           3  (IBUF=1 LUT4=1 OBUF=1)

    Location             Delay type                Incr(ns)  Path(ns)    Netlist Resource(s)
  -------------------------------------------------------------------    -------------------
    J15                                               0.000     0.000 r  SW[0] (IN)
                         net (fo=0)                   0.000     0.000    SW[0]
    J15                  IBUF (Prop_ibuf_I_O)         1.478     1.478 r  SW_IBUF[0]_inst/O
                         net (fo=8, routed)           2.334     3.812    Ch1/LED_OBUF[0]
    SLICE_X0Y73          LUT4 (Prop_lut4_I2_O)        0.150     3.962 r  Ch1/SEG_OBUF[0]_inst_i_1/O
                         net (fo=1, routed)           2.333     6.295    SEG_OBUF[0]
    T10                  OBUF (Prop_obuf_I_O)         3.779    10.074 r  SEG_OBUF[0]_inst/O
                         net (fo=0)                   0.000    10.074    SEG[0]
    T10                                                               r  SEG[0] (OUT)
  -------------------------------------------------------------------    -------------------

Slack:                    inf
  Source:                 SW[0]
                            (input port)
  Destination:            SEG[1]
                            (output port)
  Path Group:             (none)
  Path Type:              Max at Slow Process Corner
  Data Path Delay:        9.995ns  (logic 5.157ns (51.594%)  route 4.838ns (48.406%))
  Logic Levels:           3  (IBUF=1 LUT4=1 OBUF=1)

    Location             Delay type                Incr(ns)  Path(ns)    Netlist Resource(s)
  -------------------------------------------------------------------    -------------------
    J15                                               0.000     0.000 r  SW[0] (IN)
                         net (fo=0)                   0.000     0.000    SW[0]
    J15                  IBUF (Prop_ibuf_I_O)         1.478     1.478 r  SW_IBUF[0]_inst/O
                         net (fo=8, routed)           2.334     3.812    Ch1/LED_OBUF[0]
    SLICE_X0Y73          LUT4 (Prop_lut4_I3_O)        0.124     3.936 r  Ch1/SEG_OBUF[1]_inst_i_1/O
                         net (fo=1, routed)           2.504     6.440    SEG_OBUF[1]
    R10                  OBUF (Prop_obuf_I_O)         3.555     9.995 r  SEG_OBUF[1]_inst/O
                         net (fo=0)                   0.000     9.995    SEG[1]
    R10                                                               r  SEG[1] (OUT)
  -------------------------------------------------------------------    -------------------

Slack:                    inf
  Source:                 SW[11]
                            (input port)
  Destination:            AN[3]
                            (output port)
  Path Group:             (none)
  Path Type:              Max at Slow Process Corner
  Data Path Delay:        9.903ns  (logic 5.178ns (52.290%)  route 4.725ns (47.710%))
  Logic Levels:           3  (IBUF=1 LUT1=1 OBUF=1)

    Location             Delay type                Incr(ns)  Path(ns)    Netlist Resource(s)
  -------------------------------------------------------------------    -------------------
    T13                                               0.000     0.000 f  SW[11] (IN)
                         net (fo=0)                   0.000     0.000    SW[11]
    T13                  IBUF (Prop_ibuf_I_O)         1.502     1.502 f  SW_IBUF[11]_inst/O
                         net (fo=2, routed)           2.219     3.721    LED_OBUF[11]
    SLICE_X0Y85          LUT1 (Prop_lut1_I0_O)        0.124     3.845 r  AN_OBUF[3]_inst_i_1/O
                         net (fo=1, routed)           2.506     6.351    AN_OBUF[3]
    J14                  OBUF (Prop_obuf_I_O)         3.552     9.903 r  AN_OBUF[3]_inst/O
                         net (fo=0)                   0.000     9.903    AN[3]
    J14                                                               r  AN[3] (OUT)
  -------------------------------------------------------------------    -------------------

Slack:                    inf
  Source:                 SW[9]
                            (input port)
  Destination:            LED[9]
                            (output port)
  Path Group:             (none)
  Path Type:              Max at Slow Process Corner
  Data Path Delay:        9.866ns  (logic 4.521ns (45.825%)  route 5.345ns (54.175%))
  Logic Levels:           2  (IBUF=1 OBUF=1)

    Location             Delay type                Incr(ns)  Path(ns)    Netlist Resource(s)
  -------------------------------------------------------------------    -------------------
    U8                                                0.000     0.000 r  SW[9] (IN)
                         net (fo=0)                   0.000     0.000    SW[9]
    U8                   IBUF (Prop_ibuf_I_O)         0.967     0.967 r  SW_IBUF[9]_inst/O
                         net (fo=2, routed)           5.345     6.312    LED_OBUF[9]
    T15                  OBUF (Prop_obuf_I_O)         3.554     9.866 r  LED_OBUF[9]_inst/O
                         net (fo=0)                   0.000     9.866    LED[9]
    T15                                                               r  LED[9] (OUT)
  -------------------------------------------------------------------    -------------------

Slack:                    inf
  Source:                 SW[3]
                            (input port)
  Destination:            SEG[3]
                            (output port)
  Path Group:             (none)
  Path Type:              Max at Slow Process Corner
  Data Path Delay:        9.855ns  (logic 5.379ns (54.584%)  route 4.476ns (45.416%))
  Logic Levels:           3  (IBUF=1 LUT4=1 OBUF=1)

    Location             Delay type                Incr(ns)  Path(ns)    Netlist Resource(s)
  -------------------------------------------------------------------    -------------------
    R15                                               0.000     0.000 r  SW[3] (IN)
                         net (fo=0)                   0.000     0.000    SW[3]
    R15                  IBUF (Prop_ibuf_I_O)         1.477     1.477 r  SW_IBUF[3]_inst/O
                         net (fo=8, routed)           2.206     3.683    Ch1/LED_OBUF[3]
    SLICE_X0Y100         LUT4 (Prop_lut4_I0_O)        0.150     3.833 r  Ch1/SEG_OBUF[3]_inst_i_1/O
                         net (fo=1, routed)           2.270     6.103    SEG_OBUF[3]
    K13                  OBUF (Prop_obuf_I_O)         3.752     9.855 r  SEG_OBUF[3]_inst/O
                         net (fo=0)                   0.000     9.855    SEG[3]
    K13                                                               r  SEG[3] (OUT)
  -------------------------------------------------------------------    -------------------





Min Delay Paths
--------------------------------------------------------------------------------------
Slack:                    inf
  Source:                 SW[6]
                            (input port)
  Destination:            LED[6]
                            (output port)
  Path Group:             (none)
  Path Type:              Min at Fast Process Corner
  Data Path Delay:        1.881ns  (logic 1.517ns (80.665%)  route 0.364ns (19.335%))
  Logic Levels:           2  (IBUF=1 OBUF=1)

    Location             Delay type                Incr(ns)  Path(ns)    Netlist Resource(s)
  -------------------------------------------------------------------    -------------------
    U18                                               0.000     0.000 r  SW[6] (IN)
                         net (fo=0)                   0.000     0.000    SW[6]
    U18                  IBUF (Prop_ibuf_I_O)         0.262     0.262 r  SW_IBUF[6]_inst/O
                         net (fo=1, routed)           0.364     0.626    LED_OBUF[6]
    U17                  OBUF (Prop_obuf_I_O)         1.256     1.881 r  LED_OBUF[6]_inst/O
                         net (fo=0)                   0.000     1.881    LED[6]
    U17                                                               r  LED[6] (OUT)
  -------------------------------------------------------------------    -------------------

Slack:                    inf
  Source:                 SW[14]
                            (input port)
  Destination:            LED[14]
                            (output port)
  Path Group:             (none)
  Path Type:              Min at Fast Process Corner
  Data Path Delay:        1.928ns  (logic 1.548ns (80.303%)  route 0.380ns (19.697%))
  Logic Levels:           2  (IBUF=1 OBUF=1)

    Location             Delay type                Incr(ns)  Path(ns)    Netlist Resource(s)
  -------------------------------------------------------------------    -------------------
    U11                                               0.000     0.000 r  SW[14] (IN)
                         net (fo=0)                   0.000     0.000    SW[14]
    U11                  IBUF (Prop_ibuf_I_O)         0.277     0.277 r  SW_IBUF[14]_inst/O
                         net (fo=2, routed)           0.380     0.657    LED_OBUF[14]
    V12                  OBUF (Prop_obuf_I_O)         1.271     1.928 r  LED_OBUF[14]_inst/O
                         net (fo=0)                   0.000     1.928    LED[14]
    V12                                                               r  LED[14] (OUT)
  -------------------------------------------------------------------    -------------------

Slack:                    inf
  Source:                 SW[15]
                            (input port)
  Destination:            LED[15]
                            (output port)
  Path Group:             (none)
  Path Type:              Min at Fast Process Corner
  Data Path Delay:        1.933ns  (logic 1.561ns (80.770%)  route 0.372ns (19.230%))
  Logic Levels:           2  (IBUF=1 OBUF=1)

    Location             Delay type                Incr(ns)  Path(ns)    Netlist Resource(s)
  -------------------------------------------------------------------    -------------------
    V10                                               0.000     0.000 r  SW[15] (IN)
                         net (fo=0)                   0.000     0.000    SW[15]
    V10                  IBUF (Prop_ibuf_I_O)         0.292     0.292 r  SW_IBUF[15]_inst/O
                         net (fo=2, routed)           0.372     0.663    LED_OBUF[15]
    V11                  OBUF (Prop_obuf_I_O)         1.269     1.933 r  LED_OBUF[15]_inst/O
                         net (fo=0)                   0.000     1.933    LED[15]
    V11                                                               r  LED[15] (OUT)
  -------------------------------------------------------------------    -------------------

Slack:                    inf
  Source:                 SW[4]
                            (input port)
  Destination:            LED[4]
                            (output port)
  Path Group:             (none)
  Path Type:              Min at Fast Process Corner
  Data Path Delay:        1.991ns  (logic 1.513ns (75.958%)  route 0.479ns (24.042%))
  Logic Levels:           2  (IBUF=1 OBUF=1)

    Location             Delay type                Incr(ns)  Path(ns)    Netlist Resource(s)
  -------------------------------------------------------------------    -------------------
    R17                                               0.000     0.000 r  SW[4] (IN)
                         net (fo=0)                   0.000     0.000    SW[4]
    R17                  IBUF (Prop_ibuf_I_O)         0.260     0.260 r  SW_IBUF[4]_inst/O
                         net (fo=1, routed)           0.479     0.739    LED_OBUF[4]
    R18                  OBUF (Prop_obuf_I_O)         1.252     1.991 r  LED_OBUF[4]_inst/O
                         net (fo=0)                   0.000     1.991    LED[4]
    R18                                                               r  LED[4] (OUT)
  -------------------------------------------------------------------    -------------------

Slack:                    inf
  Source:                 SW[0]
                            (input port)
  Destination:            LED[0]
                            (output port)
  Path Group:             (none)
  Path Type:              Min at Fast Process Corner
  Data Path Delay:        2.007ns  (logic 1.467ns (73.072%)  route 0.541ns (26.928%))
  Logic Levels:           2  (IBUF=1 OBUF=1)

    Location             Delay type                Incr(ns)  Path(ns)    Netlist Resource(s)
  -------------------------------------------------------------------    -------------------
    J15                                               0.000     0.000 r  SW[0] (IN)
                         net (fo=0)                   0.000     0.000    SW[0]
    J15                  IBUF (Prop_ibuf_I_O)         0.245     0.245 r  SW_IBUF[0]_inst/O
                         net (fo=8, routed)           0.541     0.786    LED_OBUF[0]
    H17                  OBUF (Prop_obuf_I_O)         1.221     2.007 r  LED_OBUF[0]_inst/O
                         net (fo=0)                   0.000     2.007    LED[0]
    H17                                                               r  LED[0] (OUT)
  -------------------------------------------------------------------    -------------------

Slack:                    inf
  Source:                 SW[13]
                            (input port)
  Destination:            LED[13]
                            (output port)
  Path Group:             (none)
  Path Type:              Min at Fast Process Corner
  Data Path Delay:        2.008ns  (logic 1.546ns (76.964%)  route 0.463ns (23.036%))
  Logic Levels:           2  (IBUF=1 OBUF=1)

    Location             Delay type                Incr(ns)  Path(ns)    Netlist Resource(s)
  -------------------------------------------------------------------    -------------------
    U12                                               0.000     0.000 r  SW[13] (IN)
                         net (fo=0)                   0.000     0.000    SW[13]
    U12                  IBUF (Prop_ibuf_I_O)         0.291     0.291 r  SW_IBUF[13]_inst/O
                         net (fo=2, routed)           0.463     0.753    LED_OBUF[13]
    V14                  OBUF (Prop_obuf_I_O)         1.255     2.008 r  LED_OBUF[13]_inst/O
                         net (fo=0)                   0.000     2.008    LED[13]
    V14                                                               r  LED[13] (OUT)
  -------------------------------------------------------------------    -------------------

Slack:                    inf
  Source:                 SW[3]
                            (input port)
  Destination:            LED[3]
                            (output port)
  Path Group:             (none)
  Path Type:              Min at Fast Process Corner
  Data Path Delay:        2.031ns  (logic 1.496ns (73.668%)  route 0.535ns (26.332%))
  Logic Levels:           2  (IBUF=1 OBUF=1)

    Location             Delay type                Incr(ns)  Path(ns)    Netlist Resource(s)
  -------------------------------------------------------------------    -------------------
    R15                                               0.000     0.000 r  SW[3] (IN)
                         net (fo=0)                   0.000     0.000    SW[3]
    R15                  IBUF (Prop_ibuf_I_O)         0.245     0.245 r  SW_IBUF[3]_inst/O
                         net (fo=8, routed)           0.535     0.780    LED_OBUF[3]
    N14                  OBUF (Prop_obuf_I_O)         1.251     2.031 r  LED_OBUF[3]_inst/O
                         net (fo=0)                   0.000     2.031    LED[3]
    N14                                                               r  LED[3] (OUT)
  -------------------------------------------------------------------    -------------------

Slack:                    inf
  Source:                 SW[10]
                            (input port)
  Destination:            LED[10]
                            (output port)
  Path Group:             (none)
  Path Type:              Min at Fast Process Corner
  Data Path Delay:        2.052ns  (logic 1.503ns (73.260%)  route 0.549ns (26.740%))
  Logic Levels:           2  (IBUF=1 OBUF=1)

    Location             Delay type                Incr(ns)  Path(ns)    Netlist Resource(s)
  -------------------------------------------------------------------    -------------------
    R16                                               0.000     0.000 r  SW[10] (IN)
                         net (fo=0)                   0.000     0.000    SW[10]
    R16                  IBUF (Prop_ibuf_I_O)         0.250     0.250 r  SW_IBUF[10]_inst/O
                         net (fo=2, routed)           0.549     0.799    LED_OBUF[10]
    U14                  OBUF (Prop_obuf_I_O)         1.253     2.052 r  LED_OBUF[10]_inst/O
                         net (fo=0)                   0.000     2.052    LED[10]
    U14                                                               r  LED[10] (OUT)
  -------------------------------------------------------------------    -------------------

Slack:                    inf
  Source:                 SW[11]
                            (input port)
  Destination:            LED[11]
                            (output port)
  Path Group:             (none)
  Path Type:              Min at Fast Process Corner
  Data Path Delay:        2.107ns  (logic 1.502ns (71.283%)  route 0.605ns (28.717%))
  Logic Levels:           2  (IBUF=1 OBUF=1)

    Location             Delay type                Incr(ns)  Path(ns)    Netlist Resource(s)
  -------------------------------------------------------------------    -------------------
    T13                                               0.000     0.000 r  SW[11] (IN)
                         net (fo=0)                   0.000     0.000    SW[11]
    T13                  IBUF (Prop_ibuf_I_O)         0.270     0.270 r  SW_IBUF[11]_inst/O
                         net (fo=2, routed)           0.605     0.875    LED_OBUF[11]
    T16                  OBUF (Prop_obuf_I_O)         1.232     2.107 r  LED_OBUF[11]_inst/O
                         net (fo=0)                   0.000     2.107    LED[11]
    T16                                                               r  LED[11] (OUT)
  -------------------------------------------------------------------    -------------------

Slack:                    inf
  Source:                 SW[0]
                            (input port)
  Destination:            SEG[2]
                            (output port)
  Path Group:             (none)
  Path Type:              Min at Fast Process Corner
  Data Path Delay:        2.179ns  (logic 1.485ns (68.151%)  route 0.694ns (31.849%))
  Logic Levels:           3  (IBUF=1 LUT4=1 OBUF=1)

    Location             Delay type                Incr(ns)  Path(ns)    Netlist Resource(s)
  -------------------------------------------------------------------    -------------------
    J15                                               0.000     0.000 f  SW[0] (IN)
                         net (fo=0)                   0.000     0.000    SW[0]
    J15                  IBUF (Prop_ibuf_I_O)         0.245     0.245 f  SW_IBUF[0]_inst/O
                         net (fo=8, routed)           0.412     0.658    Ch1/LED_OBUF[0]
    SLICE_X0Y100         LUT4 (Prop_lut4_I1_O)        0.045     0.703 r  Ch1/SEG_OBUF[2]_inst_i_1/O
                         net (fo=1, routed)           0.282     0.984    SEG_OBUF[2]
    K16                  OBUF (Prop_obuf_I_O)         1.194     2.179 r  SEG_OBUF[2]_inst/O
                         net (fo=0)                   0.000     2.179    SEG[2]
    K16                                                               r  SEG[2] (OUT)
  -------------------------------------------------------------------    -------------------





