Copyright 1986-2022 Xilinx, Inc. All Rights Reserved. Copyright 2022-2023 Advanced Micro Devices, Inc. All Rights Reserved.
---------------------------------------------------------------------------------------------------------------------------------------------------------------------------------------------------------------
| Tool Version : Vivado v.2023.2 (win64) Build 4029153 Fri Oct 13 20:14:34 MDT 2023
| Date         : Wed Apr  3 19:42:05 2024
| Host         : Lenovo16plus running 64-bit major release  (build 9200)
| Command      : report_timing_summary -max_paths 10 -report_unconstrained -file rom8x4_timing_summary_routed.rpt -pb rom8x4_timing_summary_routed.pb -rpx rom8x4_timing_summary_routed.rpx -warn_on_violation
| Design       : rom8x4
| Device       : 7a100t-csg324
| Speed File   : -1  PRODUCTION 1.23 2018-06-13
| Design State : Routed
---------------------------------------------------------------------------------------------------------------------------------------------------------------------------------------------------------------

Timing Summary Report

------------------------------------------------------------------------------------------------
| Timer Settings
| --------------
------------------------------------------------------------------------------------------------

  Enable Multi Corner Analysis               :  Yes
  Enable Pessimism Removal                   :  Yes
  Pessimism Removal Resolution               :  Nearest Common Node
  Enable Input Delay Default Clock           :  No
  Enable Preset / Clear Arcs                 :  No
  Disable Flight Delays                      :  No
  Ignore I/O Paths                           :  No
  Timing Early Launch at Borrowing Latches   :  No
  Borrow Time for Max Delay Exceptions       :  Yes
  Merge Timing Exceptions                    :  Yes
  Inter-SLR Compensation                     :  Conservative

  Corner  Analyze    Analyze    
  Name    Max Paths  Min Paths  
  ------  ---------  ---------  
  Slow    Yes        Yes        
  Fast    Yes        Yes        


------------------------------------------------------------------------------------------------
| Report Methodology
| ------------------
------------------------------------------------------------------------------------------------

No report available as report_methodology has not been run prior. Run report_methodology on the current design for the summary of methodology violations.



check_timing report

Table of Contents
-----------------
1. checking no_clock (0)
2. checking constant_clock (0)
3. checking pulse_width_clock (0)
4. checking unconstrained_internal_endpoints (0)
5. checking no_input_delay (0)
6. checking no_output_delay (0)
7. checking multiple_clock (0)
8. checking generated_clocks (0)
9. checking loops (0)
10. checking partial_input_delay (0)
11. checking partial_output_delay (0)
12. checking latch_loops (0)

1. checking no_clock (0)
------------------------
 There are 0 register/latch pins with no clock.


2. checking constant_clock (0)
------------------------------
 There are 0 register/latch pins with constant_clock.


3. checking pulse_width_clock (0)
---------------------------------
 There are 0 register/latch pins which need pulse_width check


4. checking unconstrained_internal_endpoints (0)
------------------------------------------------
 There are 0 pins that are not constrained for maximum delay.

 There are 0 pins that are not constrained for maximum delay due to constant clock.


5. checking no_input_delay (0)
------------------------------
 There are 0 input ports with no input delay specified.

 There are 0 input ports with no input delay but user has a false path constraint.


6. checking no_output_delay (0)
-------------------------------
 There are 0 ports with no output delay specified.

 There are 0 ports with no output delay but user has a false path constraint

 There are 0 ports with no output delay but with a timing clock defined on it or propagating through it


7. checking multiple_clock (0)
------------------------------
 There are 0 register/latch pins with multiple clocks.


8. checking generated_clocks (0)
--------------------------------
 There are 0 generated clocks that are not connected to a clock source.


9. checking loops (0)
---------------------
 There are 0 combinational loops in the design.


10. checking partial_input_delay (0)
------------------------------------
 There are 0 input ports with partial input delay specified.


11. checking partial_output_delay (0)
-------------------------------------
 There are 0 ports with partial output delay specified.


12. checking latch_loops (0)
----------------------------
 There are 0 combinational latch loops in the design through latch input



------------------------------------------------------------------------------------------------
| Design Timing Summary
| ---------------------
------------------------------------------------------------------------------------------------

    WNS(ns)      TNS(ns)  TNS Failing Endpoints  TNS Total Endpoints      WHS(ns)      THS(ns)  THS Failing Endpoints  THS Total Endpoints     WPWS(ns)     TPWS(ns)  TPWS Failing Endpoints  TPWS Total Endpoints  
    -------      -------  ---------------------  -------------------      -------      -------  ---------------------  -------------------     --------     --------  ----------------------  --------------------  
        inf        0.000                      0                    3          inf        0.000                      0                    3           NA           NA                      NA                    NA  


There are no user specified timing constraints.


------------------------------------------------------------------------------------------------
| Clock Summary
| -------------
------------------------------------------------------------------------------------------------


------------------------------------------------------------------------------------------------
| Intra Clock Table
| -----------------
------------------------------------------------------------------------------------------------

Clock             WNS(ns)      TNS(ns)  TNS Failing Endpoints  TNS Total Endpoints      WHS(ns)      THS(ns)  THS Failing Endpoints  THS Total Endpoints     WPWS(ns)     TPWS(ns)  TPWS Failing Endpoints  TPWS Total Endpoints  
-----             -------      -------  ---------------------  -------------------      -------      -------  ---------------------  -------------------     --------     --------  ----------------------  --------------------  


------------------------------------------------------------------------------------------------
| Inter Clock Table
| -----------------
------------------------------------------------------------------------------------------------

From Clock    To Clock          WNS(ns)      TNS(ns)  TNS Failing Endpoints  TNS Total Endpoints      WHS(ns)      THS(ns)  THS Failing Endpoints  THS Total Endpoints  
----------    --------          -------      -------  ---------------------  -------------------      -------      -------  ---------------------  -------------------  


------------------------------------------------------------------------------------------------
| Other Path Groups Table
| -----------------------
------------------------------------------------------------------------------------------------

Path Group    From Clock    To Clock          WNS(ns)      TNS(ns)  TNS Failing Endpoints  TNS Total Endpoints      WHS(ns)      THS(ns)  THS Failing Endpoints  THS Total Endpoints  
----------    ----------    --------          -------      -------  ---------------------  -------------------      -------      -------  ---------------------  -------------------  


------------------------------------------------------------------------------------------------
| User Ignored Path Table
| -----------------------
------------------------------------------------------------------------------------------------

Path Group    From Clock    To Clock    
----------    ----------    --------    


------------------------------------------------------------------------------------------------
| Unconstrained Path Table
| ------------------------
------------------------------------------------------------------------------------------------

Path Group    From Clock    To Clock    
----------    ----------    --------    
(none)                                    


------------------------------------------------------------------------------------------------
| Timing Details
| --------------
------------------------------------------------------------------------------------------------


--------------------------------------------------------------------------------------
Path Group:  (none)
From Clock:  
  To Clock:  

Max Delay             3 Endpoints
Min Delay             3 Endpoints
--------------------------------------------------------------------------------------


Max Delay Paths
--------------------------------------------------------------------------------------
Slack:                    inf
  Source:                 addr[0]
                            (input port)
  Destination:            data[1]
                            (output port)
  Path Group:             (none)
  Path Type:              Max at Slow Process Corner
  Data Path Delay:        8.573ns  (logic 5.032ns (58.692%)  route 3.541ns (41.308%))
  Logic Levels:           2  (IBUF=1 OBUF=1)

    Location             Delay type                Incr(ns)  Path(ns)    Netlist Resource(s)
  -------------------------------------------------------------------    -------------------
    J15                                               0.000     0.000 r  addr[0] (IN)
                         net (fo=0)                   0.000     0.000    addr[0]
    J15                  IBUF (Prop_ibuf_I_O)         1.478     1.478 r  addr_IBUF[0]_inst/O
                         net (fo=1, routed)           3.541     5.019    data_OBUF[1]
    V14                  OBUF (Prop_obuf_I_O)         3.554     8.573 r  data_OBUF[1]_inst/O
                         net (fo=0)                   0.000     8.573    data[1]
    V14                                                               r  data[1] (OUT)
  -------------------------------------------------------------------    -------------------

Slack:                    inf
  Source:                 addr[1]
                            (input port)
  Destination:            data[2]
                            (output port)
  Path Group:             (none)
  Path Type:              Max at Slow Process Corner
  Data Path Delay:        8.180ns  (logic 5.050ns (61.734%)  route 3.130ns (38.266%))
  Logic Levels:           2  (IBUF=1 OBUF=1)

    Location             Delay type                Incr(ns)  Path(ns)    Netlist Resource(s)
  -------------------------------------------------------------------    -------------------
    L16                                               0.000     0.000 r  addr[1] (IN)
                         net (fo=0)                   0.000     0.000    addr[1]
    L16                  IBUF (Prop_ibuf_I_O)         1.480     1.480 r  addr_IBUF[1]_inst/O
                         net (fo=1, routed)           3.130     4.610    data_OBUF[2]
    V12                  OBUF (Prop_obuf_I_O)         3.570     8.180 r  data_OBUF[2]_inst/O
                         net (fo=0)                   0.000     8.180    data[2]
    V12                                                               r  data[2] (OUT)
  -------------------------------------------------------------------    -------------------

Slack:                    inf
  Source:                 addr[2]
                            (input port)
  Destination:            data[3]
                            (output port)
  Path Group:             (none)
  Path Type:              Max at Slow Process Corner
  Data Path Delay:        8.123ns  (logic 5.054ns (62.219%)  route 3.069ns (37.781%))
  Logic Levels:           2  (IBUF=1 OBUF=1)

    Location             Delay type                Incr(ns)  Path(ns)    Netlist Resource(s)
  -------------------------------------------------------------------    -------------------
    M13                                               0.000     0.000 r  addr[2] (IN)
                         net (fo=0)                   0.000     0.000    addr[2]
    M13                  IBUF (Prop_ibuf_I_O)         1.485     1.485 r  addr_IBUF[2]_inst/O
                         net (fo=1, routed)           3.069     4.554    data_OBUF[3]
    V11                  OBUF (Prop_obuf_I_O)         3.569     8.123 r  data_OBUF[3]_inst/O
                         net (fo=0)                   0.000     8.123    data[3]
    V11                                                               r  data[3] (OUT)
  -------------------------------------------------------------------    -------------------





Min Delay Paths
--------------------------------------------------------------------------------------
Slack:                    inf
  Source:                 addr[2]
                            (input port)
  Destination:            data[3]
                            (output port)
  Path Group:             (none)
  Path Type:              Min at Fast Process Corner
  Data Path Delay:        2.381ns  (logic 1.522ns (63.930%)  route 0.859ns (36.070%))
  Logic Levels:           2  (IBUF=1 OBUF=1)

    Location             Delay type                Incr(ns)  Path(ns)    Netlist Resource(s)
  -------------------------------------------------------------------    -------------------
    M13                                               0.000     0.000 r  addr[2] (IN)
                         net (fo=0)                   0.000     0.000    addr[2]
    M13                  IBUF (Prop_ibuf_I_O)         0.253     0.253 r  addr_IBUF[2]_inst/O
                         net (fo=1, routed)           0.859     1.112    data_OBUF[3]
    V11                  OBUF (Prop_obuf_I_O)         1.269     2.381 r  data_OBUF[3]_inst/O
                         net (fo=0)                   0.000     2.381    data[3]
    V11                                                               r  data[3] (OUT)
  -------------------------------------------------------------------    -------------------

Slack:                    inf
  Source:                 addr[1]
                            (input port)
  Destination:            data[2]
                            (output port)
  Path Group:             (none)
  Path Type:              Min at Fast Process Corner
  Data Path Delay:        2.403ns  (logic 1.518ns (63.170%)  route 0.885ns (36.830%))
  Logic Levels:           2  (IBUF=1 OBUF=1)

    Location             Delay type                Incr(ns)  Path(ns)    Netlist Resource(s)
  -------------------------------------------------------------------    -------------------
    L16                                               0.000     0.000 r  addr[1] (IN)
                         net (fo=0)                   0.000     0.000    addr[1]
    L16                  IBUF (Prop_ibuf_I_O)         0.247     0.247 r  addr_IBUF[1]_inst/O
                         net (fo=1, routed)           0.885     1.133    data_OBUF[2]
    V12                  OBUF (Prop_obuf_I_O)         1.271     2.403 r  data_OBUF[2]_inst/O
                         net (fo=0)                   0.000     2.403    data[2]
    V12                                                               r  data[2] (OUT)
  -------------------------------------------------------------------    -------------------

Slack:                    inf
  Source:                 addr[0]
                            (input port)
  Destination:            data[1]
                            (output port)
  Path Group:             (none)
  Path Type:              Min at Fast Process Corner
  Data Path Delay:        2.559ns  (logic 1.500ns (58.636%)  route 1.058ns (41.364%))
  Logic Levels:           2  (IBUF=1 OBUF=1)

    Location             Delay type                Incr(ns)  Path(ns)    Netlist Resource(s)
  -------------------------------------------------------------------    -------------------
    J15                                               0.000     0.000 r  addr[0] (IN)
                         net (fo=0)                   0.000     0.000    addr[0]
    J15                  IBUF (Prop_ibuf_I_O)         0.245     0.245 r  addr_IBUF[0]_inst/O
                         net (fo=1, routed)           1.058     1.304    data_OBUF[1]
    V14                  OBUF (Prop_obuf_I_O)         1.255     2.559 r  data_OBUF[1]_inst/O
                         net (fo=0)                   0.000     2.559    data[1]
    V14                                                               r  data[1] (OUT)
  -------------------------------------------------------------------    -------------------





